# JRE version: OpenJDK Runtime Environment (11.0.10) (build 11.0.10+0-b96-7249189)
# Java VM: OpenJDK 64-Bit Server VM (11.0.10+0-b96-7249189, mixed mode, tiered, compressed oops, g1 gc, windows-amd64)
Heap:
 garbage-first heap   total 774144K, used 262273K [0x0000000080000000, 0x0000000100000000)
  region size 1024K, 8 young (8192K), 8 survivors (8192K)
 Metaspace       used 135482K, capacity 139140K, committed 139264K, reserved 1169408K
  class space    used 16960K, capacity 18324K, committed 18432K, reserved 1048576K
GC Heap History (20 events):
Event: 22.827 GC heap after
{Heap after GC invocations=54 (full 0):
 garbage-first heap   total 270336K, used 146315K [0x0000000080000000, 0x0000000100000000)
  region size 1024K, 5 young (5120K), 5 survivors (5120K)
 Metaspace       used 126048K, capacity 129208K, committed 129408K, reserved 1161216K
  class space    used 15555K, capacity 16750K, committed 16768K, reserved 1048576K
}
Event: 23.105 GC heap before
{Heap before GC invocations=54 (full 0):
 garbage-first heap   total 270336K, used 219019K [0x0000000080000000, 0x0000000100000000)
  region size 1024K, 71 young (72704K), 5 survivors (5120K)
 Metaspace       used 126503K, capacity 129746K, committed 130048K, reserved 1163264K
  class space    used 15611K, capacity 16798K, committed 16896K, reserved 1048576K
}
Event: 23.116 GC heap after
{Heap after GC invocations=55 (full 0):
 garbage-first heap   total 270336K, used 156570K [0x0000000080000000, 0x0000000100000000)
  region size 1024K, 9 young (9216K), 9 survivors (9216K)
 Metaspace       used 126503K, capacity 129746K, committed 130048K, reserved 1163264K
  class space    used 15611K, capacity 16798K, committed 16896K, reserved 1048576K
}
Event: 23.277 GC heap before
{Heap before GC invocations=55 (full 0):
 garbage-first heap   total 270336K, used 218010K [0x0000000080000000, 0x0000000100000000)
  region size 1024K, 71 young (72704K), 9 survivors (9216K)
 Metaspace       used 127203K, capacity 130474K, committed 130688K, reserved 1163264K
  class space    used 15723K, capacity 16937K, committed 17024K, reserved 1048576K
}
Event: 23.294 GC heap after
{Heap after GC invocations=56 (full 0):
 garbage-first heap   total 324608K, used 172640K [0x0000000080000000, 0x0000000100000000)
  region size 1024K, 9 young (9216K), 9 survivors (9216K)
 Metaspace       used 127203K, capacity 130474K, committed 130688K, reserved 1163264K
  class space    used 15723K, capacity 16937K, committed 17024K, reserved 1048576K
}
Event: 23.570 GC heap before
{Heap before GC invocations=56 (full 0):
 garbage-first heap   total 324608K, used 244320K [0x0000000080000000, 0x0000000100000000)
  region size 1024K, 80 young (81920K), 9 survivors (9216K)
 Metaspace       used 127967K, capacity 131258K, committed 131584K, reserved 1163264K
  class space    used 15811K, capacity 17029K, committed 17152K, reserved 1048576K
}
Event: 23.588 GC heap after
{Heap after GC invocations=57 (full 0):
 garbage-first heap   total 324608K, used 186650K [0x0000000080000000, 0x0000000100000000)
  region size 1024K, 10 young (10240K), 10 survivors (10240K)
 Metaspace       used 127967K, capacity 131258K, committed 131584K, reserved 1163264K
  class space    used 15811K, capacity 17029K, committed 17152K, reserved 1048576K
}
Event: 23.853 GC heap before
{Heap before GC invocations=57 (full 0):
 garbage-first heap   total 324608K, used 252186K [0x0000000080000000, 0x0000000100000000)
  region size 1024K, 75 young (76800K), 10 survivors (10240K)
 Metaspace       used 129314K, capacity 132656K, committed 132736K, reserved 1165312K
  class space    used 16002K, capacity 17238K, committed 17280K, reserved 1048576K
}
Event: 23.881 GC heap after
{Heap after GC invocations=58 (full 0):
 garbage-first heap   total 324608K, used 198203K [0x0000000080000000, 0x0000000100000000)
  region size 1024K, 10 young (10240K), 10 survivors (10240K)
 Metaspace       used 129314K, capacity 132656K, committed 132736K, reserved 1165312K
  class space    used 16002K, capacity 17238K, committed 17280K, reserved 1048576K
}
Event: 24.053 GC heap before
{Heap before GC invocations=58 (full 0):
 garbage-first heap   total 324608K, used 258619K [0x0000000080000000, 0x0000000100000000)
  region size 1024K, 69 young (70656K), 10 survivors (10240K)
 Metaspace       used 129774K, capacity 133145K, committed 133376K, reserved 1165312K
  class space    used 16056K, capacity 17298K, committed 17408K, reserved 1048576K
}
Event: 24.082 GC heap after
{Heap after GC invocations=59 (full 0):
 garbage-first heap   total 324608K, used 211486K [0x0000000080000000, 0x0000000100000000)
  region size 1024K, 9 young (9216K), 9 survivors (9216K)
 Metaspace       used 129774K, capacity 133145K, committed 133376K, reserved 1165312K
  class space    used 16056K, capacity 17298K, committed 17408K, reserved 1048576K
}
Event: 24.201 GC heap before
{Heap before GC invocations=59 (full 0):
 garbage-first heap   total 324608K, used 263710K [0x0000000080000000, 0x0000000100000000)
  region size 1024K, 60 young (61440K), 9 survivors (9216K)
 Metaspace       used 130377K, capacity 133769K, committed 133888K, reserved 1165312K
  class space    used 16134K, capacity 17393K, committed 17408K, reserved 1048576K
}
Event: 24.232 GC heap after
{Heap after GC invocations=60 (full 0):
 garbage-first heap   total 544768K, used 222850K [0x0000000080000000, 0x0000000100000000)
  region size 1024K, 8 young (8192K), 8 survivors (8192K)
 Metaspace       used 130377K, capacity 133769K, committed 133888K, reserved 1165312K
  class space    used 16134K, capacity 17393K, committed 17408K, reserved 1048576K
}
Event: 24.575 GC heap before
{Heap before GC invocations=60 (full 0):
 garbage-first heap   total 544768K, used 335490K [0x0000000080000000, 0x0000000100000000)
  region size 1024K, 119 young (121856K), 8 survivors (8192K)
 Metaspace       used 133159K, capacity 136656K, committed 136832K, reserved 1167360K
  class space    used 16664K, capacity 17976K, committed 18048K, reserved 1048576K
}
Event: 24.608 GC heap after
{Heap after GC invocations=61 (full 0):
 garbage-first heap   total 544768K, used 241664K [0x0000000080000000, 0x0000000100000000)
  region size 1024K, 15 young (15360K), 15 survivors (15360K)
 Metaspace       used 133159K, capacity 136656K, committed 136832K, reserved 1167360K
  class space    used 16664K, capacity 17976K, committed 18048K, reserved 1048576K
}
Event: 25.066 GC heap before
{Heap before GC invocations=61 (full 0):
 garbage-first heap   total 544768K, used 368640K [0x0000000080000000, 0x0000000100000000)
  region size 1024K, 140 young (143360K), 15 survivors (15360K)
 Metaspace       used 134372K, capacity 137951K, committed 138240K, reserved 1169408K
  class space    used 16803K, capacity 18140K, committed 18176K, reserved 1048576K
}
Event: 25.098 GC heap after
{Heap after GC invocations=62 (full 0):
 garbage-first heap   total 544768K, used 254407K [0x0000000080000000, 0x0000000100000000)
  region size 1024K, 12 young (12288K), 12 survivors (12288K)
 Metaspace       used 134372K, capacity 137951K, committed 138240K, reserved 1169408K
  class space    used 16803K, capacity 18140K, committed 18176K, reserved 1048576K
}
Event: 25.535 GC heap before
{Heap before GC invocations=62 (full 0):
 garbage-first heap   total 544768K, used 389575K [0x0000000080000000, 0x0000000100000000)
  region size 1024K, 144 young (147456K), 12 survivors (12288K)
 Metaspace       used 134880K, capacity 138472K, committed 138624K, reserved 1169408K
  class space    used 16869K, capacity 18227K, committed 18304K, reserved 1048576K
}
Event: 25.555 GC heap after
{Heap after GC invocations=63 (full 0):
 garbage-first heap   total 544768K, used 259991K [0x0000000080000000, 0x0000000100000000)
  region size 1024K, 6 young (6144K), 6 survivors (6144K)
 Metaspace       used 134880K, capacity 138472K, committed 138624K, reserved 1169408K
  class space    used 16869K, capacity 18227K, committed 18304K, reserved 1048576K
}
Event: 26.025 GC heap before
{Heap before GC invocations=63 (full 0):
 garbage-first heap   total 544768K, used 414615K [0x0000000080000000, 0x0000000100000000)
  region size 1024K, 157 young (160768K), 6 survivors (6144K)
 Metaspace       used 135482K, capacity 139140K, committed 139264K, reserved 1169408K
  class space    used 16960K, capacity 18324K, committed 18432K, reserved 1048576K
}

